mktextfm Nunito
mktextfm Nunito
mktextfm Nunito
mktextfm Nunito/BI
mktextfm Nunito
mktextfm Nunito/B
mktextfm Nunito
mktextfm Nunito/I
mktextfm Nunito
mktextfm Nunito
mktextfm Nunito
mktextfm Nunito
mktextfm Nunito
mktextfm 
mktextfm 
mktextfm academicons
mktextfm academicons
mktextfm academicons
mktextfm academicons/BI
mktextfm academicons
mktextfm academicons/B
mktextfm academicons
mktextfm academicons/I
mktextfm academicons
mktextfm academicons
mktextfm academicons
mktextfm academicons
mktextfm academicons
mktextfm academicons
mktextfm academicons/BI
mktextfm academicons
mktextfm academicons/B
mktextfm academicons
mktextfm academicons/I
mktextfm academicons
mktextfm academicons
mktextfm academicons
mktextfm academicons
mktextfm academicons
mktextfm academicons
mktextfm academicons/BI
mktextfm academicons
mktextfm academicons/B
mktextfm academicons
mktextfm academicons/I
mktextfm academicons
mktextfm academicons
mktextfm academicons
mktextfm academicons
mktextfm academicons
mktextfm academicons
mktextfm academicons/BI
mktextfm academicons
mktextfm academicons/B
mktextfm academicons
mktextfm academicons/I
mktextfm academicons
mktextfm academicons
mktextfm academicons
mktextfm academicons
mktextfm academicons
mktextfm academicons
mktextfm academicons/BI
mktextfm academicons
mktextfm academicons/B
mktextfm academicons
mktextfm academicons/I
mktextfm academicons
mktextfm academicons
mktextfm academicons
mktextfm academicons
mktextfm academicons
mktextfm academicons
mktextfm academicons/BI
mktextfm academicons
mktextfm academicons/B
mktextfm academicons
mktextfm academicons/I
mktextfm academicons
mktextfm academicons
mktextfm academicons
mktextfm academicons
mktextfm academicons
mktextfm academicons
mktextfm academicons/BI
mktextfm academicons
mktextfm academicons/B
mktextfm academicons
mktextfm academicons/I
mktextfm academicons
mktextfm academicons
mktextfm FontAwesome
mktextfm FontAwesome
mktextfm FontAwesome
mktextfm FontAwesome/BI
mktextfm FontAwesome
mktextfm FontAwesome/B
mktextfm FontAwesome
mktextfm FontAwesome/I
mktextfm FontAwesome
mktextfm FontAwesome
mktextfm FontAwesome
mktextfm FontAwesome
mktextfm FontAwesome
mktextfm FontAwesome
mktextfm FontAwesome
mktextfm FontAwesome
mktextfm FontAwesome
mktextfm FontAwesome
mktextfm FontAwesome
mktextfm FontAwesome
mktextfm FontAwesome/BI
mktextfm FontAwesome
mktextfm FontAwesome/B
mktextfm FontAwesome
mktextfm FontAwesome/I
mktextfm FontAwesome
mktextfm FontAwesome
mktextfm FontAwesome
mktextfm FontAwesome
mktextfm FontAwesome
mktextfm FontAwesome
mktextfm FontAwesome
mktextfm FontAwesome
mktextfm FontAwesome
mktextfm FontAwesome
mktextfm FontAwesome
mktextfm FontAwesome
mktextfm FontAwesome/BI
mktextfm FontAwesome
mktextfm FontAwesome/B
mktextfm FontAwesome
mktextfm FontAwesome/I
mktextfm FontAwesome
mktextfm FontAwesome
mktextfm FontAwesome
mktextfm FontAwesome
mktextfm FontAwesome
mktextfm FontAwesome
mktextfm FontAwesome
mktextfm FontAwesome
mktextfm FontAwesome
mktextfm FontAwesome
mktextfm FontAwesome
mktextfm FontAwesome
mktextfm FontAwesome/BI
mktextfm FontAwesome
mktextfm FontAwesome/B
mktextfm FontAwesome
mktextfm FontAwesome/I
mktextfm FontAwesome
mktextfm FontAwesome
mktextfm FontAwesome
mktextfm FontAwesome
mktextfm FontAwesome
mktextfm FontAwesome
mktextfm FontAwesome
mktextfm FontAwesome
mktextfm FontAwesome
mktextfm FontAwesome
mktextfm FontAwesome
mktextfm FontAwesome
mktextfm FontAwesome/BI
mktextfm FontAwesome
mktextfm FontAwesome/B
mktextfm FontAwesome
mktextfm FontAwesome/I
mktextfm FontAwesome
mktextfm FontAwesome
mktextfm FontAwesome
mktextfm FontAwesome
mktextfm FontAwesome
mktextfm FontAwesome
mktextfm FontAwesome
mktextfm FontAwesome
mktextfm FontAwesome
mktextfm FontAwesome
mktextfm FontAwesome
mktextfm FontAwesome
mktextfm FontAwesome/BI
mktextfm FontAwesome
mktextfm FontAwesome/B
mktextfm FontAwesome
mktextfm FontAwesome/I
mktextfm FontAwesome
mktextfm FontAwesome
mktextfm FontAwesome
mktextfm FontAwesome
mktextfm FontAwesome
mktextfm FontAwesome
mktextfm FontAwesome
mktextfm FontAwesome
mktextfm FontAwesome
mktextfm FontAwesome
mktextfm FontAwesome
mktextfm FontAwesome
mktextfm FontAwesome/BI
mktextfm FontAwesome
mktextfm FontAwesome/B
mktextfm FontAwesome
mktextfm FontAwesome/I
mktextfm FontAwesome
mktextfm FontAwesome
mktextfm FontAwesome
mktextfm FontAwesome
mktextfm FontAwesome
mktextfm FontAwesome/BI
mktextfm FontAwesome
mktextfm FontAwesome/B
mktextfm FontAwesome
mktextfm FontAwesome/I
mktextfm FontAwesome
mktextfm FontAwesome
mktextfm FontAwesome
mktextfm FontAwesome
mktextfm FontAwesome
mktextfm FontAwesome/BI
mktextfm FontAwesome
mktextfm FontAwesome/B
mktextfm FontAwesome
mktextfm FontAwesome/I
mktextfm FontAwesome
mktextfm FontAwesome
